mode: set
github.com/yamagit01/toolkit/tools.go:29.44,31.19 2 1
github.com/yamagit01/toolkit/tools.go:36.2,36.18 1 1
github.com/yamagit01/toolkit/tools.go:31.19,35.3 3 1
github.com/yamagit01/toolkit/tools.go:46.105,48.21 2 1
github.com/yamagit01/toolkit/tools.go:52.2,53.16 2 1
github.com/yamagit01/toolkit/tools.go:57.2,57.22 1 1
github.com/yamagit01/toolkit/tools.go:48.21,50.3 1 1
github.com/yamagit01/toolkit/tools.go:53.16,55.3 1 0
github.com/yamagit01/toolkit/tools.go:60.105,62.21 2 1
github.com/yamagit01/toolkit/tools.go:66.2,68.24 2 1
github.com/yamagit01/toolkit/tools.go:72.2,73.16 2 1
github.com/yamagit01/toolkit/tools.go:77.2,78.16 2 1
github.com/yamagit01/toolkit/tools.go:82.2,82.48 1 1
github.com/yamagit01/toolkit/tools.go:153.2,153.27 1 1
github.com/yamagit01/toolkit/tools.go:62.21,64.3 1 1
github.com/yamagit01/toolkit/tools.go:68.24,70.3 1 1
github.com/yamagit01/toolkit/tools.go:73.16,75.3 1 0
github.com/yamagit01/toolkit/tools.go:78.16,80.3 1 0
github.com/yamagit01/toolkit/tools.go:82.48,83.32 1 1
github.com/yamagit01/toolkit/tools.go:83.32,84.86 1 1
github.com/yamagit01/toolkit/tools.go:148.4,148.18 1 1
github.com/yamagit01/toolkit/tools.go:84.86,87.19 3 1
github.com/yamagit01/toolkit/tools.go:90.5,94.19 4 1
github.com/yamagit01/toolkit/tools.go:99.5,102.35 3 1
github.com/yamagit01/toolkit/tools.go:112.5,112.17 1 1
github.com/yamagit01/toolkit/tools.go:116.5,117.19 2 1
github.com/yamagit01/toolkit/tools.go:121.5,121.19 1 1
github.com/yamagit01/toolkit/tools.go:127.5,132.97 4 1
github.com/yamagit01/toolkit/tools.go:142.5,144.30 2 1
github.com/yamagit01/toolkit/tools.go:87.19,89.6 1 0
github.com/yamagit01/toolkit/tools.go:94.19,96.6 1 0
github.com/yamagit01/toolkit/tools.go:102.35,103.42 1 1
github.com/yamagit01/toolkit/tools.go:103.42,104.41 1 1
github.com/yamagit01/toolkit/tools.go:104.41,106.8 1 1
github.com/yamagit01/toolkit/tools.go:108.11,110.6 1 1
github.com/yamagit01/toolkit/tools.go:112.17,114.6 1 1
github.com/yamagit01/toolkit/tools.go:117.19,119.6 1 0
github.com/yamagit01/toolkit/tools.go:121.19,123.6 1 1
github.com/yamagit01/toolkit/tools.go:123.11,125.6 1 1
github.com/yamagit01/toolkit/tools.go:132.97,134.6 1 0
github.com/yamagit01/toolkit/tools.go:134.11,136.20 2 1
github.com/yamagit01/toolkit/tools.go:139.6,139.38 1 1
github.com/yamagit01/toolkit/tools.go:136.20,138.7 1 0
github.com/yamagit01/toolkit/tools.go:148.18,150.5 1 1
github.com/yamagit01/toolkit/tools.go:157.56,159.49 2 1
github.com/yamagit01/toolkit/tools.go:165.2,165.12 1 1
github.com/yamagit01/toolkit/tools.go:159.49,161.17 2 1
github.com/yamagit01/toolkit/tools.go:161.17,163.4 1 0
github.com/yamagit01/toolkit/tools.go:169.51,170.13 1 1
github.com/yamagit01/toolkit/tools.go:174.2,176.20 3 1
github.com/yamagit01/toolkit/tools.go:179.2,179.18 1 1
github.com/yamagit01/toolkit/tools.go:170.13,172.3 1 1
github.com/yamagit01/toolkit/tools.go:176.20,178.3 1 1
github.com/yamagit01/toolkit/tools.go:184.105,189.2 3 1
github.com/yamagit01/toolkit/tools.go:198.90,200.24 2 1
github.com/yamagit01/toolkit/tools.go:204.2,208.27 3 1
github.com/yamagit01/toolkit/tools.go:212.2,213.16 2 1
github.com/yamagit01/toolkit/tools.go:249.2,250.19 2 1
github.com/yamagit01/toolkit/tools.go:254.2,254.12 1 1
github.com/yamagit01/toolkit/tools.go:200.24,202.3 1 1
github.com/yamagit01/toolkit/tools.go:208.27,210.3 1 1
github.com/yamagit01/toolkit/tools.go:213.16,218.10 4 1
github.com/yamagit01/toolkit/tools.go:219.37,220.94 1 1
github.com/yamagit01/toolkit/tools.go:222.44,223.56 1 0
github.com/yamagit01/toolkit/tools.go:225.44,226.38 1 1
github.com/yamagit01/toolkit/tools.go:229.4,229.103 1 0
github.com/yamagit01/toolkit/tools.go:231.31,232.47 1 1
github.com/yamagit01/toolkit/tools.go:234.62,236.64 2 1
github.com/yamagit01/toolkit/tools.go:238.54,239.72 1 1
github.com/yamagit01/toolkit/tools.go:241.47,242.66 1 0
github.com/yamagit01/toolkit/tools.go:244.11,245.14 1 0
github.com/yamagit01/toolkit/tools.go:226.38,228.5 1 1
github.com/yamagit01/toolkit/tools.go:250.19,252.3 1 1
